<?xml version="1.0" encoding="UTF-8"?>
<!-- Generated by org.testng.reporters.JUnitReportReporter -->
<testsuite skipped="0" hostname="Angler94" name="SouthAsia.Login" tests="1" failures="0" timestamp="14 Oct 2017 10:57:07 GMT" time="44.358" errors="0">
  <testcase name="mobileApp_Login" time="44.358" classname="SouthAsia.Login"/>
</testsuite> <!-- SouthAsia.Login -->
