<?xml version="1.0" encoding="UTF-8"?>
<!-- Generated by org.testng.reporters.JUnitReportReporter -->
<testsuite skipped="0" hostname="Angler94" name="SouthAsia.EONews" tests="4" failures="0" timestamp="14 Oct 2017 09:18:52 GMT" time="179.628" errors="0">
  <testcase name="mobileApp_Login" time="38.763" classname="SouthAsia.EONews"/>
  <testcase name="mobileApp_EOPage" time="11.272" classname="SouthAsia.EONews"/>
  <testcase name="mobileApp_ActivityFeeds" time="75.739" classname="SouthAsia.EONews"/>
  <testcase name="mobileApp_News" time="53.854" classname="SouthAsia.EONews"/>
</testsuite> <!-- SouthAsia.EONews -->
